<?xml version="1.0" encoding="utf-8"?><testsuites name="pytest tests"><testsuite name="pytest" errors="0" failures="0" skipped="0" tests="15" time="3.038" timestamp="2026-08-14T17:50:16.736389+00:00" hostname="agent-env-5dcb6c40-8d1c-4b1f-9864-72e0c1496d08"><testcase classname="tests.test_eaia_backend.TestAnalyze" name="test_analyze_requires_auth" time="0.328" /><testcase classname="tests.test_eaia_backend.TestAuth" name="test_signup_and_login" time="1.213" /><testcase classname="tests.test_eaia_backend.TestAnalyze" name="test_analyze_bad_token" time="0.283" /><testcase classname="tests.test_eaia_backend.TestAnalyze" name="test_analyze_success" time="0.531" /><testcase classname="tests.test_eaia_backend.TestAnalyze" name="test_analyze_too_short" time="0.065" /><testcase classname="tests.test_eaia_backend.TestAnalyze" name="test_analyze_too_long" time="0.074" /><testcase classname="tests.test_eaia_backend.TestAnalyze" name="test_analyze_esl_toggle_changes_scores" time="0.338" /><testcase classname="tests.test_eaia_backend.TestAuth" name="test_duplicate_signup_rejected" time="0.436" /><testcase classname="tests.test_eaia_backend.TestStream" name="test_stream_sse" time="0.359" /><testcase classname="tests.test_eaia_backend.TestAuth" name="test_invalid_login" time="0.302" /><testcase classname="tests.test_eaia_backend.TestAuth" name="test_short_password_rejected" time="0.090" /><testcase classname="tests.test_eaia_backend.TestStream" name="test_stream_requires_auth" time="0.220" /><testcase classname="tests.test_eaia_backend.TestHealth" name="test_health" time="0.108" /><testcase classname="tests.test_eaia_backend.TestReports" name="test_reports_requires_auth" time="0.062" /><testcase classname="tests.test_eaia_backend.TestReports" name="test_save_and_list_report_no_raw_essay" time="0.222" /></testsuite></testsuites>